================================================================================
  JEDI Variational DA - Diagnostic Report
================================================================================

--------------------------------------------------------------------------------
  1. CONFIGURATION SUMMARY
--------------------------------------------------------------------------------
  Cost Type                     : 3D-Var
  Analysis Time                 : 2024-02-24T00:00:00Z
  Window Begin                  : 2024-02-23T21:00:00Z
  Window Length                 : PT6H
  Outer Resolution              : C96
  Nlevels                       : 127
  Static Weight                 : 0.125
  Ensemble Weight               : 0.875
  Ensemble Members              : 2
  Minimizer                     : DRPCG
  Ninner                        : [2, 4]
  Inner Resolution              : C48

--------------------------------------------------------------------------------
  2. OBSERVATION COUNTS
--------------------------------------------------------------------------------

  Obs Type                          Locations    Total Obs  Assimilated   Rejected   Assim%
  ------------------------------ ------------ ------------ ------------ ---------- --------
  conventional_ps                     199,096      116,459      107,491      8,968    92.3%
  gnssro_cosmic2                      365,047      363,132      227,803    135,329    62.7%
  ascatw_ascat_metop-b                 14,896       29,792       25,650      4,142    86.1%
    +-- windEastward                                               12,825
    +-- windNorthward                                              12,825
  satwind_goes-16                     802,894    1,605,788      191,396  1,414,392    11.9%
    +-- windEastward                                               95,698
    +-- windNorthward                                              95,698
  ------------------------------ ------------ ------------ ------------ ---------- --------
  TOTAL                             1,381,933    2,115,171      552,340  1,562,831    26.1%

  Locations = unique obs locations (nlocs).
  Total Obs = nlocs x channels/variables (before QC).
  Assimilated = obs passing all QC (used in Jo).

--------------------------------------------------------------------------------
  3. Jo/n EVOLUTION ACROSS OUTER ITERATIONS
--------------------------------------------------------------------------------

  Obs Type                            Outer 0      Outer 1      Outer 2          Delta
  ------------------------------ ------------ ------------ ------------ --------------
  conventional_ps                    0.225660     0.203256     0.189442      -0.036218
  gnssro_cosmic2                     0.315383     0.296434     0.259277      -0.056106
  ascatw_ascat_metop-b               0.576704     0.523880     0.432572      -0.144132
  satwind_goes-16                    0.036782     0.036679     0.032301      -0.004481

  Total Jo: 117,934.0 -> 109,814.0 -> 96,654.2
  Reduction: 18.0%

--------------------------------------------------------------------------------
  4. COST FUNCTION CONVERGENCE
--------------------------------------------------------------------------------

  --- Outer Loop 0 (2 inner iters) ---
    Iter                J               Jb             JoJc
  ------ ---------------- ---------------- ----------------
       0        117933.97             0.00        117933.97
       1        115688.24            13.18        115675.06
       2        109720.27           250.55        109469.72

  --- Outer Loop 1 (4 inner iters) ---
    Iter                J               Jb             JoJc
  ------ ---------------- ---------------- ----------------
       0        110064.63           250.55        109814.08
       1        107479.23           277.46        107201.76
       2        106346.72           342.13        106004.59
       3        102058.71          1020.35        101038.35
       4         97990.46          2254.31         95736.15

--------------------------------------------------------------------------------
  5. CHI-SQUARED CONSISTENCY (Final Iteration)
--------------------------------------------------------------------------------

  Chi^2 ~ (H(x)-y)^T R^{-1} (H(x)-y).  E[Chi^2/P] = 1.0 if R,B correct.
  JEDI prints Jo = 1/2 * Chi^2, so Chi^2/P = 2 * (Jo/P).

  Obs Type                                   Jo          P     Chi2/P                           Status
  ------------------------------ -------------- ---------- ---------- --------------------------------
  conventional_ps                      20363.30    107,491   0.378884 R severely overestimated (too large)
  gnssro_cosmic2                       59013.20    227,607   0.518554      R overestimated (too large)
  ascatw_ascat_metop-b                 11095.50     25,650   0.865144                  OK (calibrated)
  satwind_goes-16                       6182.36    191,396   0.064603 R severely overestimated (too large)
  ------------------------------ -------------- ---------- ---------- --------------------------------
  TOTAL                                96654.36    552,144   0.350106 R severely overestimated (too large)

================================================================================