[INFO] Loaded YAML: yamls/day3_atms_thinning/obs_diag.yaml
[INFO] Processing ATMS (atms) from /work2/noaa/epic-explorer/cadre2026/cadre26.8896479.day3_atms_thinning/output/diag.atms_n20_2024022400.nc
[SAVED] ./day3_atms_thinning/obs-diag/atms_ch01_hist.png
[SAVED] ./day3_atms_thinning/obs-diag/atms_ch02_hist.png
[SAVED] ./day3_atms_thinning/obs-diag/atms_ch03_hist.png
[SAVED] ./day3_atms_thinning/obs-diag/atms_ch04_hist.png
[SAVED] ./day3_atms_thinning/obs-diag/atms_ch05_hist.png
[SAVED] ./day3_atms_thinning/obs-diag/atms_ch06_hist.png
[SAVED] ./day3_atms_thinning/obs-diag/atms_ch07_hist.png
[SAVED] ./day3_atms_thinning/obs-diag/atms_ch08_hist.png
[SAVED] ./day3_atms_thinning/obs-diag/atms_ch09_hist.png
[SAVED] ./day3_atms_thinning/obs-diag/atms_ch10_hist.png
[SAVED] ./day3_atms_thinning/obs-diag/atms_ch11_hist.png
[SAVED] ./day3_atms_thinning/obs-diag/atms_ch12_hist.png
[SAVED] ./day3_atms_thinning/obs-diag/atms_ch13_hist.png
[SAVED] ./day3_atms_thinning/obs-diag/atms_ch14_hist.png
[SAVED] ./day3_atms_thinning/obs-diag/atms_ch15_hist.png
[SAVED] ./day3_atms_thinning/obs-diag/atms_ch16_hist.png
[SAVED] ./day3_atms_thinning/obs-diag/atms_ch17_hist.png
[SAVED] ./day3_atms_thinning/obs-diag/atms_ch18_hist.png
[SAVED] ./day3_atms_thinning/obs-diag/atms_ch19_hist.png
[SAVED] ./day3_atms_thinning/obs-diag/atms_ch20_hist.png
[SAVED] ./day3_atms_thinning/obs-diag/atms_ch21_hist.png
[SAVED] ./day3_atms_thinning/obs-diag/atms_ch22_hist.png
[SAVED] ./day3_atms_thinning/obs-diag/atms_stats.png
[DEBUG] Ch 01  RMS_n^2 = 0.1790
[DEBUG] Ch 02  RMS_n^2 = 0.1111
[DEBUG] Ch 03  RMS_n^2 = 0.0832
[DEBUG] Ch 04  RMS_n^2 = 0.0813
[DEBUG] Ch 05  RMS_n^2 = 0.1637
[DEBUG] Ch 06  RMS_n^2 = 0.2408
[DEBUG] Ch 07  RMS_n^2 = 0.4834
[DEBUG] Ch 08  RMS_n^2 = 0.3431
[DEBUG] Ch 09  RMS_n^2 = 0.3847
[DEBUG] Ch 10  RMS_n^2 = 0.5019
[DEBUG] Ch 11  RMS_n^2 = 0.4733
[DEBUG] Ch 12  RMS_n^2 = 0.5873
[DEBUG] Ch 13  RMS_n^2 = 0.6511
[DEBUG] Ch 14  RMS_n^2 = 0.9530
[DEBUG] Ch 15  RMS_n^2 = 0.2450
[DEBUG] Ch 16  RMS_n^2 = 0.2444
[DEBUG] Ch 17  RMS_n^2 = 0.0802
[DEBUG] Ch 18  RMS_n^2 = 0.1242
[DEBUG] Ch 19  RMS_n^2 = 0.2223
[DEBUG] Ch 20  RMS_n^2 = 0.2608
[DEBUG] Ch 21  RMS_n^2 = 0.3073
[DEBUG] Ch 22  RMS_n^2 = 0.3420
--------------------------------------------------------
[INFO] ATMS total obs used (QC2==0) = 44,351
[INFO] ATMS RMS_n^2 (OMB) = 0.372260
[INFO] ATMS RMS_n^2 (OMA) = 0.301611
--------------------------------------------------------
[SAVED] ./day3_atms_thinning/obs-diag/atms_stats_extended.png
[ATMS] Scan-position diagnostics (QC2-filtered)...
[SAVED] ./day3_atms_thinning/obs-diag/atms_scan_position_qc2.png
[ATMS] Latitude-binned diagnostics (QC2-filtered)...
[SAVED] ./day3_atms_thinning/obs-diag/atms_latbins_qc2.png
[INFO] Processing GNSSRO (scalar) from /work2/noaa/epic-explorer/cadre2026/cadre26.8896479.day3_atms_thinning/output/diag.gnssro_cosmic2_2024022400.nc
[SAVED] ./day3_atms_thinning/obs-diag/gnssro_hist.png
[INFO] Processing SATWND (vector) from /work2/noaa/epic-explorer/cadre2026/cadre26.8896479.day3_atms_thinning/output/diag.satwnd.abi_goes-16_2024022400.nc
[SAVED] ./day3_atms_thinning/obs-diag/satwnd_u_hist.png
[SAVED] ./day3_atms_thinning/obs-diag/satwnd_v_hist.png
[INFO] Processing SCATWND (vector) from /work2/noaa/epic-explorer/cadre2026/cadre26.8896479.day3_atms_thinning/output/diag.scatwnd.ascat_metop-b_2024022400.nc
[SAVED] ./day3_atms_thinning/obs-diag/scatwnd_u_hist.png
[SAVED] ./day3_atms_thinning/obs-diag/scatwnd_v_hist.png
[INFO] Processing CONVENTIONAL_PS (scalar) from /work2/noaa/epic-explorer/cadre2026/cadre26.8896479.day3_atms_thinning/output/diag.conventional_ps_2024022400.nc
[SAVED] ./day3_atms_thinning/obs-diag/conventional_ps_hist.png
[INFO] Diagnostics complete.
