================================================================================
  JEDI Variational DA - Diagnostic Report
================================================================================

--------------------------------------------------------------------------------
  1. CONFIGURATION SUMMARY
--------------------------------------------------------------------------------
  Cost Type                     : 3D-Var
  Analysis Time                 : 2024-02-24T00:00:00Z
  Window Begin                  : 2024-02-23T21:00:00Z
  Window Length                 : PT6H
  Outer Resolution              : C96
  Nlevels                       : 127
  Static Weight                 : 0.6
  Ensemble Weight               : 0.4
  Ensemble Members              : 2
  Minimizer                     : DRPCG
  Ninner                        : [2, 4]
  Inner Resolution              : C48

--------------------------------------------------------------------------------
  2. OBSERVATION COUNTS
--------------------------------------------------------------------------------

  Obs Type                          Locations    Total Obs  Assimilated   Rejected   Assim%
  ------------------------------ ------------ ------------ ------------ ---------- --------
  conventional_ps                     199,096      116,459      107,491      8,968    92.3%
  gnssro_cosmic2                      365,047      363,132      227,803    135,329    62.7%
  ATMS N20                             11,142      245,124      167,540     77,584    68.3%
    +-- brightnessTemperature_1                                     5,721
    +-- brightnessTemperature_2                                     5,658
    +-- brightnessTemperature_3                                     5,819
    +-- brightnessTemperature_4                                     5,950
    +-- brightnessTemperature_5                                     5,965
    +-- brightnessTemperature_6                                     5,990
    +-- brightnessTemperature_7                                     7,221
    +-- brightnessTemperature_8                                    11,088
    +-- brightnessTemperature_9                                    11,062
    +-- brightnessTemperature_10                                   11,082
    +-- brightnessTemperature_11                                   11,087
    +-- brightnessTemperature_12                                   11,053
    +-- brightnessTemperature_13                                   10,397
    +-- brightnessTemperature_14                                   10,965
    +-- brightnessTemperature_15                                   11,072
    +-- brightnessTemperature_16                                    4,978
    +-- brightnessTemperature_17                                    5,422
    +-- brightnessTemperature_18                                    5,468
    +-- brightnessTemperature_19                                    5,484
    +-- brightnessTemperature_20                                    5,432
    +-- brightnessTemperature_21                                    5,350
    +-- brightnessTemperature_22                                    5,276
  ascatw_ascat_metop-b                 14,896       29,792       25,650      4,142    86.1%
    +-- windEastward                                               12,825
    +-- windNorthward                                              12,825
  satwind_goes-16                     802,894    1,605,788      191,396  1,414,392    11.9%
    +-- windEastward                                               95,698
    +-- windNorthward                                              95,698
  ------------------------------ ------------ ------------ ------------ ---------- --------
  TOTAL                             1,393,075    2,360,295      719,880  1,640,415    30.5%

  Locations = unique obs locations (nlocs).
  Total Obs = nlocs x channels/variables (before QC).
  Assimilated = obs passing all QC (used in Jo).

--------------------------------------------------------------------------------
  3. Jo/n EVOLUTION ACROSS OUTER ITERATIONS
--------------------------------------------------------------------------------

  Obs Type                            Outer 0      Outer 1      Outer 2          Delta
  ------------------------------ ------------ ------------ ------------ --------------
  conventional_ps                    0.225660     0.189863     0.164449      -0.061211
  gnssro_cosmic2                     0.315383     0.257935     0.213505      -0.101878
  ATMS N20                           0.186289     0.133595     0.092603      -0.093686
  ascatw_ascat_metop-b               0.576704     0.422282     0.277995      -0.298709
  satwind_goes-16                    0.036782     0.032511     0.026866      -0.009916

  Total Jo: 149,145.0 -> 118,560.0 -> 94,017.8
  Reduction: 37.0%

--------------------------------------------------------------------------------
  4. COST FUNCTION CONVERGENCE
--------------------------------------------------------------------------------

  --- Outer Loop 0 (2 inner iters) ---
    Iter                J               Jb             JoJc
  ------ ---------------- ---------------- ----------------
       0        149144.85             0.00        149144.85
       1        132928.93           377.13        132551.80
       2        120708.29          1257.42        119450.87

  --- Outer Loop 1 (4 inner iters) ---
    Iter                J               Jb             JoJc
  ------ ---------------- ---------------- ----------------
       0        119817.42          1257.42        118560.00
       1        114149.68          1452.61        112697.06
       2        109417.48          2004.76        107412.72
       3        104366.43          3163.42        101203.01
       4         97975.07          5445.06         92530.01

--------------------------------------------------------------------------------
  5. CHI-SQUARED CONSISTENCY (Final Iteration)
--------------------------------------------------------------------------------

  Jo ~ chi-squared(P).  E[Jo/P] = 1.0 if R,B correct.

  Obs Type                                   Jo          P       Jo/P                 Status
  ------------------------------ -------------- ---------- ---------- ----------------------
  conventional_ps                      17676.80    107,491   0.164449       !! OVERESTIMATED
  gnssro_cosmic2                       48553.80    227,413   0.213505       !! OVERESTIMATED
  ATMS N20                             15514.70    167,540   0.092603       !! OVERESTIMATED
  ascatw_ascat_metop-b                  7130.58     25,650   0.277995       !! OVERESTIMATED
  satwind_goes-16                       5142.08    191,396   0.026866       !! OVERESTIMATED
  ------------------------------ -------------- ---------- ---------- ----------------------
  TOTAL                                94017.96    719,490   0.130673       !! OVERESTIMATED

================================================================================